Info: Starting: Create block symbol file (.bsf)
Info: qsys-generate C:\Users\kite\Documents\programacao\quartus\measureTimeBetweenARMAndFPGAV2\soc_system.qsys --block-symbol-file --output-directory=C:\Users\kite\Documents\programacao\quartus\measureTimeBetweenARMAndFPGAV2\soc_system --family="Cyclone V" --part=5CSEMA5F31C6
Progress: Loading measureTimeBetweenARMAndFPGAV2/soc_system.qsys
Progress: Reading input file
Progress: Adding clk_0 [clock_source 16.1]
Progress: Parameterizing module clk_0
Progress: Adding hps_0 [altera_hps 16.1]
Progress: Parameterizing module hps_0
Progress: Adding pio_input [altera_avalon_pio 16.1]
Progress: Parameterizing module pio_input
Progress: Adding pio_input10 [altera_avalon_pio 16.1]
Progress: Parameterizing module pio_input10
Progress: Adding pio_input11 [altera_avalon_pio 16.1]
Progress: Parameterizing module pio_input11
Progress: Adding pio_input12 [altera_avalon_pio 16.1]
Progress: Parameterizing module pio_input12
Progress: Adding pio_input13 [altera_avalon_pio 16.1]
Progress: Parameterizing module pio_input13
Progress: Adding pio_input14 [altera_avalon_pio 16.1]
Progress: Parameterizing module pio_input14
Progress: Adding pio_input15 [altera_avalon_pio 16.1]
Progress: Parameterizing module pio_input15
Progress: Adding pio_input16 [altera_avalon_pio 16.1]
Progress: Parameterizing module pio_input16
Progress: Adding pio_input2 [altera_avalon_pio 16.1]
Progress: Parameterizing module pio_input2
Progress: Adding pio_input3 [altera_avalon_pio 16.1]
Progress: Parameterizing module pio_input3
Progress: Adding pio_input4 [altera_avalon_pio 16.1]
Progress: Parameterizing module pio_input4
Progress: Adding pio_input5 [altera_avalon_pio 16.1]
Progress: Parameterizing module pio_input5
Progress: Adding pio_input6 [altera_avalon_pio 16.1]
Progress: Parameterizing module pio_input6
Progress: Adding pio_input7 [altera_avalon_pio 16.1]
Progress: Parameterizing module pio_input7
Progress: Adding pio_input8 [altera_avalon_pio 16.1]
Progress: Parameterizing module pio_input8
Progress: Adding pio_input9 [altera_avalon_pio 16.1]
Progress: Parameterizing module pio_input9
Progress: Adding pio_output [altera_avalon_pio 16.1]
Progress: Parameterizing module pio_output
Progress: Adding pio_output10 [altera_avalon_pio 16.1]
Progress: Parameterizing module pio_output10
Progress: Adding pio_output11 [altera_avalon_pio 16.1]
Progress: Parameterizing module pio_output11
Progress: Adding pio_output12 [altera_avalon_pio 16.1]
Progress: Parameterizing module pio_output12
Progress: Adding pio_output13 [altera_avalon_pio 16.1]
Progress: Parameterizing module pio_output13
Progress: Adding pio_output14 [altera_avalon_pio 16.1]
Progress: Parameterizing module pio_output14
Progress: Adding pio_output15 [altera_avalon_pio 16.1]
Progress: Parameterizing module pio_output15
Progress: Adding pio_output16 [altera_avalon_pio 16.1]
Progress: Parameterizing module pio_output16
Progress: Adding pio_output2 [altera_avalon_pio 16.1]
Progress: Parameterizing module pio_output2
Progress: Adding pio_output3 [altera_avalon_pio 16.1]
Progress: Parameterizing module pio_output3
Progress: Adding pio_output4 [altera_avalon_pio 16.1]
Progress: Parameterizing module pio_output4
Progress: Adding pio_output5 [altera_avalon_pio 16.1]
Progress: Parameterizing module pio_output5
Progress: Adding pio_output6 [altera_avalon_pio 16.1]
Progress: Parameterizing module pio_output6
Progress: Adding pio_output7 [altera_avalon_pio 16.1]
Progress: Parameterizing module pio_output7
Progress: Adding pio_output8 [altera_avalon_pio 16.1]
Progress: Parameterizing module pio_output8
Progress: Adding pio_output9 [altera_avalon_pio 16.1]
Progress: Parameterizing module pio_output9
Progress: Building connections
Progress: Parameterizing connections
Progress: Validating
Progress: Done reading input file
Info: soc_system.hps_0: HPS Main PLL counter settings: n = 0  m = 73
Info: soc_system.hps_0: HPS peripherial PLL counter settings: n = 0  m = 39
Warning: soc_system.hps_0: "Configuration/HPS-to-FPGA user 0 clock frequency" (desired_cfg_clk_mhz) requested 100.0 MHz, but only achieved 97.368421 MHz
Warning: soc_system.hps_0: "QSPI clock frequency" (desired_qspi_clk_mhz) requested 400.0 MHz, but only achieved 370.0 MHz
Warning: soc_system.hps_0: 1 or more output clock frequencies cannot be achieved precisely, consider revising desired output clock frequencies.
Info: soc_system.pio_input: PIO inputs are not hardwired in test bench. Undefined values will be read from PIO inputs during simulation.
Info: soc_system.pio_input10: PIO inputs are not hardwired in test bench. Undefined values will be read from PIO inputs during simulation.
Info: soc_system.pio_input11: PIO inputs are not hardwired in test bench. Undefined values will be read from PIO inputs during simulation.
Info: soc_system.pio_input12: PIO inputs are not hardwired in test bench. Undefined values will be read from PIO inputs during simulation.
Info: soc_system.pio_input13: PIO inputs are not hardwired in test bench. Undefined values will be read from PIO inputs during simulation.
Info: soc_system.pio_input14: PIO inputs are not hardwired in test bench. Undefined values will be read from PIO inputs during simulation.
Info: soc_system.pio_input15: PIO inputs are not hardwired in test bench. Undefined values will be read from PIO inputs during simulation.
Info: soc_system.pio_input16: PIO inputs are not hardwired in test bench. Undefined values will be read from PIO inputs during simulation.
Info: soc_system.pio_input2: PIO inputs are not hardwired in test bench. Undefined values will be read from PIO inputs during simulation.
Info: soc_system.pio_input3: PIO inputs are not hardwired in test bench. Undefined values will be read from PIO inputs during simulation.
Info: soc_system.pio_input4: PIO inputs are not hardwired in test bench. Undefined values will be read from PIO inputs during simulation.
Info: soc_system.pio_input5: PIO inputs are not hardwired in test bench. Undefined values will be read from PIO inputs during simulation.
Info: soc_system.pio_input6: PIO inputs are not hardwired in test bench. Undefined values will be read from PIO inputs during simulation.
Info: soc_system.pio_input7: PIO inputs are not hardwired in test bench. Undefined values will be read from PIO inputs during simulation.
Info: soc_system.pio_input8: PIO inputs are not hardwired in test bench. Undefined values will be read from PIO inputs during simulation.
Info: soc_system.pio_input9: PIO inputs are not hardwired in test bench. Undefined values will be read from PIO inputs during simulation.
Info: qsys-generate succeeded.
Info: Finished: Create block symbol file (.bsf)
Info: 
Info: Starting: Create HDL design files for synthesis
Info: qsys-generate C:\Users\kite\Documents\programacao\quartus\measureTimeBetweenARMAndFPGAV2\soc_system.qsys --synthesis=VERILOG --output-directory=C:\Users\kite\Documents\programacao\quartus\measureTimeBetweenARMAndFPGAV2\soc_system\synthesis --family="Cyclone V" --part=5CSEMA5F31C6
Progress: Loading measureTimeBetweenARMAndFPGAV2/soc_system.qsys
Progress: Reading input file
Progress: Adding clk_0 [clock_source 16.1]
Progress: Parameterizing module clk_0
Progress: Adding hps_0 [altera_hps 16.1]
Progress: Parameterizing module hps_0
Progress: Adding pio_input [altera_avalon_pio 16.1]
Progress: Parameterizing module pio_input
Progress: Adding pio_input10 [altera_avalon_pio 16.1]
Progress: Parameterizing module pio_input10
Progress: Adding pio_input11 [altera_avalon_pio 16.1]
Progress: Parameterizing module pio_input11
Progress: Adding pio_input12 [altera_avalon_pio 16.1]
Progress: Parameterizing module pio_input12
Progress: Adding pio_input13 [altera_avalon_pio 16.1]
Progress: Parameterizing module pio_input13
Progress: Adding pio_input14 [altera_avalon_pio 16.1]
Progress: Parameterizing module pio_input14
Progress: Adding pio_input15 [altera_avalon_pio 16.1]
Progress: Parameterizing module pio_input15
Progress: Adding pio_input16 [altera_avalon_pio 16.1]
Progress: Parameterizing module pio_input16
Progress: Adding pio_input2 [altera_avalon_pio 16.1]
Progress: Parameterizing module pio_input2
Progress: Adding pio_input3 [altera_avalon_pio 16.1]
Progress: Parameterizing module pio_input3
Progress: Adding pio_input4 [altera_avalon_pio 16.1]
Progress: Parameterizing module pio_input4
Progress: Adding pio_input5 [altera_avalon_pio 16.1]
Progress: Parameterizing module pio_input5
Progress: Adding pio_input6 [altera_avalon_pio 16.1]
Progress: Parameterizing module pio_input6
Progress: Adding pio_input7 [altera_avalon_pio 16.1]
Progress: Parameterizing module pio_input7
Progress: Adding pio_input8 [altera_avalon_pio 16.1]
Progress: Parameterizing module pio_input8
Progress: Adding pio_input9 [altera_avalon_pio 16.1]
Progress: Parameterizing module pio_input9
Progress: Adding pio_output [altera_avalon_pio 16.1]
Progress: Parameterizing module pio_output
Progress: Adding pio_output10 [altera_avalon_pio 16.1]
Progress: Parameterizing module pio_output10
Progress: Adding pio_output11 [altera_avalon_pio 16.1]
Progress: Parameterizing module pio_output11
Progress: Adding pio_output12 [altera_avalon_pio 16.1]
Progress: Parameterizing module pio_output12
Progress: Adding pio_output13 [altera_avalon_pio 16.1]
Progress: Parameterizing module pio_output13
Progress: Adding pio_output14 [altera_avalon_pio 16.1]
Progress: Parameterizing module pio_output14
Progress: Adding pio_output15 [altera_avalon_pio 16.1]
Progress: Parameterizing module pio_output15
Progress: Adding pio_output16 [altera_avalon_pio 16.1]
Progress: Parameterizing module pio_output16
Progress: Adding pio_output2 [altera_avalon_pio 16.1]
Progress: Parameterizing module pio_output2
Progress: Adding pio_output3 [altera_avalon_pio 16.1]
Progress: Parameterizing module pio_output3
Progress: Adding pio_output4 [altera_avalon_pio 16.1]
Progress: Parameterizing module pio_output4
Progress: Adding pio_output5 [altera_avalon_pio 16.1]
Progress: Parameterizing module pio_output5
Progress: Adding pio_output6 [altera_avalon_pio 16.1]
Progress: Parameterizing module pio_output6
Progress: Adding pio_output7 [altera_avalon_pio 16.1]
Progress: Parameterizing module pio_output7
Progress: Adding pio_output8 [altera_avalon_pio 16.1]
Progress: Parameterizing module pio_output8
Progress: Adding pio_output9 [altera_avalon_pio 16.1]
Progress: Parameterizing module pio_output9
Progress: Building connections
Progress: Parameterizing connections
Progress: Validating
Progress: Done reading input file
Info: soc_system.hps_0: HPS Main PLL counter settings: n = 0  m = 73
Info: soc_system.hps_0: HPS peripherial PLL counter settings: n = 0  m = 39
Warning: soc_system.hps_0: "Configuration/HPS-to-FPGA user 0 clock frequency" (desired_cfg_clk_mhz) requested 100.0 MHz, but only achieved 97.368421 MHz
Warning: soc_system.hps_0: "QSPI clock frequency" (desired_qspi_clk_mhz) requested 400.0 MHz, but only achieved 370.0 MHz
Warning: soc_system.hps_0: 1 or more output clock frequencies cannot be achieved precisely, consider revising desired output clock frequencies.
Info: soc_system.pio_input: PIO inputs are not hardwired in test bench. Undefined values will be read from PIO inputs during simulation.
Info: soc_system.pio_input10: PIO inputs are not hardwired in test bench. Undefined values will be read from PIO inputs during simulation.
Info: soc_system.pio_input11: PIO inputs are not hardwired in test bench. Undefined values will be read from PIO inputs during simulation.
Info: soc_system.pio_input12: PIO inputs are not hardwired in test bench. Undefined values will be read from PIO inputs during simulation.
Info: soc_system.pio_input13: PIO inputs are not hardwired in test bench. Undefined values will be read from PIO inputs during simulation.
Info: soc_system.pio_input14: PIO inputs are not hardwired in test bench. Undefined values will be read from PIO inputs during simulation.
Info: soc_system.pio_input15: PIO inputs are not hardwired in test bench. Undefined values will be read from PIO inputs during simulation.
Info: soc_system.pio_input16: PIO inputs are not hardwired in test bench. Undefined values will be read from PIO inputs during simulation.
Info: soc_system.pio_input2: PIO inputs are not hardwired in test bench. Undefined values will be read from PIO inputs during simulation.
Info: soc_system.pio_input3: PIO inputs are not hardwired in test bench. Undefined values will be read from PIO inputs during simulation.
Info: soc_system.pio_input4: PIO inputs are not hardwired in test bench. Undefined values will be read from PIO inputs during simulation.
Info: soc_system.pio_input5: PIO inputs are not hardwired in test bench. Undefined values will be read from PIO inputs during simulation.
Info: soc_system.pio_input6: PIO inputs are not hardwired in test bench. Undefined values will be read from PIO inputs during simulation.
Info: soc_system.pio_input7: PIO inputs are not hardwired in test bench. Undefined values will be read from PIO inputs during simulation.
Info: soc_system.pio_input8: PIO inputs are not hardwired in test bench. Undefined values will be read from PIO inputs during simulation.
Info: soc_system.pio_input9: PIO inputs are not hardwired in test bench. Undefined values will be read from PIO inputs during simulation.
Info: soc_system: Generating soc_system "soc_system" for QUARTUS_SYNTH
Warning: hps_0.f2h_irq0: Cannot connect clock for irq_mapper.sender
Warning: hps_0.f2h_irq0: Cannot connect reset for irq_mapper.sender
Warning: hps_0.f2h_irq1: Cannot connect clock for irq_mapper_001.sender
Warning: hps_0.f2h_irq1: Cannot connect reset for irq_mapper_001.sender
Info: hps_0: "Running  for module: hps_0"
Info: hps_0: HPS Main PLL counter settings: n = 0  m = 73
Info: hps_0: HPS peripherial PLL counter settings: n = 0  m = 39
Warning: hps_0: "Configuration/HPS-to-FPGA user 0 clock frequency" (desired_cfg_clk_mhz) requested 100.0 MHz, but only achieved 97.368421 MHz
Warning: hps_0: "QSPI clock frequency" (desired_qspi_clk_mhz) requested 400.0 MHz, but only achieved 370.0 MHz
Warning: hps_0: 1 or more output clock frequencies cannot be achieved precisely, consider revising desired output clock frequencies.
Info: hps_0: "soc_system" instantiated altera_hps "hps_0"
Info: pio_input: Starting RTL generation for module 'soc_system_pio_input'
Info: pio_input:   Generation command is [exec C:/intelfpga_lite/16.1/quartus/bin64/perl/bin/perl.exe -I C:/intelfpga_lite/16.1/quartus/bin64/perl/lib -I C:/intelfpga_lite/16.1/quartus/sopc_builder/bin/europa -I C:/intelfpga_lite/16.1/quartus/sopc_builder/bin/perl_lib -I C:/intelfpga_lite/16.1/quartus/sopc_builder/bin -I C:/intelfpga_lite/16.1/quartus/../ip/altera/sopc_builder_ip/common -I C:/intelfpga_lite/16.1/quartus/../ip/altera/sopc_builder_ip/altera_avalon_pio -- C:/intelfpga_lite/16.1/quartus/../ip/altera/sopc_builder_ip/altera_avalon_pio/generate_rtl.pl --name=soc_system_pio_input --dir=C:/Users/kite/AppData/Local/Temp/alt7322_350736346357475361.dir/0001_pio_input_gen/ --quartus_dir=C:/intelfpga_lite/16.1/quartus --verilog --config=C:/Users/kite/AppData/Local/Temp/alt7322_350736346357475361.dir/0001_pio_input_gen//soc_system_pio_input_component_configuration.pl  --do_build_sim=0  ]
Info: pio_input: Done RTL generation for module 'soc_system_pio_input'
Info: pio_input: "soc_system" instantiated altera_avalon_pio "pio_input"
Info: pio_output: Starting RTL generation for module 'soc_system_pio_output'
Info: pio_output:   Generation command is [exec C:/intelfpga_lite/16.1/quartus/bin64/perl/bin/perl.exe -I C:/intelfpga_lite/16.1/quartus/bin64/perl/lib -I C:/intelfpga_lite/16.1/quartus/sopc_builder/bin/europa -I C:/intelfpga_lite/16.1/quartus/sopc_builder/bin/perl_lib -I C:/intelfpga_lite/16.1/quartus/sopc_builder/bin -I C:/intelfpga_lite/16.1/quartus/../ip/altera/sopc_builder_ip/common -I C:/intelfpga_lite/16.1/quartus/../ip/altera/sopc_builder_ip/altera_avalon_pio -- C:/intelfpga_lite/16.1/quartus/../ip/altera/sopc_builder_ip/altera_avalon_pio/generate_rtl.pl --name=soc_system_pio_output --dir=C:/Users/kite/AppData/Local/Temp/alt7322_350736346357475361.dir/0002_pio_output_gen/ --quartus_dir=C:/intelfpga_lite/16.1/quartus --verilog --config=C:/Users/kite/AppData/Local/Temp/alt7322_350736346357475361.dir/0002_pio_output_gen//soc_system_pio_output_component_configuration.pl  --do_build_sim=0  ]
Info: pio_output: Done RTL generation for module 'soc_system_pio_output'
Info: pio_output: "soc_system" instantiated altera_avalon_pio "pio_output"
Info: avalon_st_adapter: Inserting error_adapter: error_adapter_0
Info: avalon_st_adapter_001: Inserting error_adapter: error_adapter_0
Info: avalon_st_adapter_002: Inserting error_adapter: error_adapter_0
Info: avalon_st_adapter_003: Inserting error_adapter: error_adapter_0
Info: avalon_st_adapter_004: Inserting error_adapter: error_adapter_0
Info: avalon_st_adapter_005: Inserting error_adapter: error_adapter_0
Info: avalon_st_adapter_006: Inserting error_adapter: error_adapter_0
Info: avalon_st_adapter_007: Inserting error_adapter: error_adapter_0
Info: avalon_st_adapter_008: Inserting error_adapter: error_adapter_0
Info: avalon_st_adapter_009: Inserting error_adapter: error_adapter_0
Info: avalon_st_adapter_010: Inserting error_adapter: error_adapter_0
Info: avalon_st_adapter_011: Inserting error_adapter: error_adapter_0
Info: avalon_st_adapter_012: Inserting error_adapter: error_adapter_0
Info: avalon_st_adapter_013: Inserting error_adapter: error_adapter_0
Info: avalon_st_adapter_014: Inserting error_adapter: error_adapter_0
Info: avalon_st_adapter_015: Inserting error_adapter: error_adapter_0
Info: avalon_st_adapter_016: Inserting error_adapter: error_adapter_0
Info: avalon_st_adapter_017: Inserting error_adapter: error_adapter_0
Info: avalon_st_adapter_018: Inserting error_adapter: error_adapter_0
Info: avalon_st_adapter_019: Inserting error_adapter: error_adapter_0
Info: avalon_st_adapter_020: Inserting error_adapter: error_adapter_0
Info: avalon_st_adapter_021: Inserting error_adapter: error_adapter_0
Info: avalon_st_adapter_022: Inserting error_adapter: error_adapter_0
Info: avalon_st_adapter_023: Inserting error_adapter: error_adapter_0
Info: avalon_st_adapter_024: Inserting error_adapter: error_adapter_0
Info: avalon_st_adapter_025: Inserting error_adapter: error_adapter_0
Info: avalon_st_adapter_026: Inserting error_adapter: error_adapter_0
Info: avalon_st_adapter_027: Inserting error_adapter: error_adapter_0
Info: avalon_st_adapter_028: Inserting error_adapter: error_adapter_0
Info: avalon_st_adapter_029: Inserting error_adapter: error_adapter_0
Info: avalon_st_adapter_030: Inserting error_adapter: error_adapter_0
Info: avalon_st_adapter_031: Inserting error_adapter: error_adapter_0
Info: mm_interconnect_0: "soc_system" instantiated altera_mm_interconnect "mm_interconnect_0"
Info: irq_mapper: "soc_system" instantiated altera_irq_mapper "irq_mapper"
Info: rst_controller: "soc_system" instantiated altera_reset_controller "rst_controller"
Info: fpga_interfaces: "hps_0" instantiated altera_interface_generator "fpga_interfaces"
Info: hps_io: "hps_0" instantiated altera_hps_io "hps_io"
Info: pio_input_s1_translator: "mm_interconnect_0" instantiated altera_merlin_slave_translator "pio_input_s1_translator"
Info: hps_0_h2f_lw_axi_master_agent: "mm_interconnect_0" instantiated altera_merlin_axi_master_ni "hps_0_h2f_lw_axi_master_agent"
Info: pio_input_s1_agent: "mm_interconnect_0" instantiated altera_merlin_slave_agent "pio_input_s1_agent"
Info: pio_input_s1_agent_rsp_fifo: "mm_interconnect_0" instantiated altera_avalon_sc_fifo "pio_input_s1_agent_rsp_fifo"
Info: router: "mm_interconnect_0" instantiated altera_merlin_router "router"
Info: router_002: "mm_interconnect_0" instantiated altera_merlin_router "router_002"
Info: hps_0_h2f_lw_axi_master_wr_limiter: "mm_interconnect_0" instantiated altera_merlin_traffic_limiter "hps_0_h2f_lw_axi_master_wr_limiter"
Info: Reusing file C:/Users/kite/Documents/programacao/quartus/measureTimeBetweenARMAndFPGAV2/soc_system/synthesis/submodules/altera_avalon_sc_fifo.v
Info: pio_input_s1_burst_adapter: "mm_interconnect_0" instantiated altera_merlin_burst_adapter "pio_input_s1_burst_adapter"
Info: Reusing file C:/Users/kite/Documents/programacao/quartus/measureTimeBetweenARMAndFPGAV2/soc_system/synthesis/submodules/altera_merlin_address_alignment.sv
Info: Reusing file C:/Users/kite/Documents/programacao/quartus/measureTimeBetweenARMAndFPGAV2/soc_system/synthesis/submodules/altera_avalon_st_pipeline_base.v
Info: cmd_demux: "mm_interconnect_0" instantiated altera_merlin_demultiplexer "cmd_demux"
Info: cmd_mux: "mm_interconnect_0" instantiated altera_merlin_multiplexer "cmd_mux"
Info: rsp_demux: "mm_interconnect_0" instantiated altera_merlin_demultiplexer "rsp_demux"
Info: rsp_mux: "mm_interconnect_0" instantiated altera_merlin_multiplexer "rsp_mux"
Info: Reusing file C:/Users/kite/Documents/programacao/quartus/measureTimeBetweenARMAndFPGAV2/soc_system/synthesis/submodules/altera_merlin_arbitrator.sv
Info: avalon_st_adapter: "mm_interconnect_0" instantiated altera_avalon_st_adapter "avalon_st_adapter"
Info: border: "hps_io" instantiated altera_interface_generator "border"
Info: error_adapter_0: "avalon_st_adapter" instantiated error_adapter "error_adapter_0"
Info: soc_system: Done "soc_system" with 24 modules, 81 files
Info: qsys-generate succeeded.
Info: Finished: Create HDL design files for synthesis
